<?xml version="1.0" encoding="UTF-8"?>
<!-- Generated by org.testng.reporters.JUnitReportReporter -->
<testsuite hostname="DESKTOP-34GJ352" failures="0" tests="2" name="org.example.pomexample2.testcases.AppleTestCases" time="4.805" errors="0" timestamp="09 Jun 2022 18:17:42 GMT" skipped="0">
  <testcase classname="org.example.pomexample2.testcases.AppleTestCases" name="clickOnBagTest" time="1.850"/>
  <testcase classname="org.example.pomexample2.testcases.AppleTestCases" name="signInWithWrongCredentialsTest" time="2.955"/>
</testsuite> <!-- org.example.pomexample2.testcases.AppleTestCases -->
